<?xml version="1.0" encoding="UTF-8"?>
<testng-results ignored="0" total="1" passed="1" failed="0" skipped="0">
  <reporter-output>
  </reporter-output>
  <suite started-at="2023-01-10T17:46:40 PKT" name="Default suite" finished-at="2023-01-10T17:46:43 PKT" duration-ms="2821">
    <groups>
    </groups>
    <test started-at="2023-01-10T17:46:40 PKT" name="Default test" finished-at="2023-01-10T17:46:43 PKT" duration-ms="2821">
      <class name="tests.JsonSchemaValidator">
        <test-method is-config="true" signature="first()[pri:0, instance:tests.JsonSchemaValidator@48f278eb]" started-at="2023-01-10T17:46:40 PKT" name="first" finished-at="2023-01-10T17:46:40 PKT" duration-ms="322" status="PASS">
          <reporter-output>
          </reporter-output>
        </test-method> <!-- first -->
        <test-method signature="testGet()[pri:0, instance:tests.JsonSchemaValidator@48f278eb]" started-at="2023-01-10T17:46:40 PKT" name="testGet" finished-at="2023-01-10T17:46:43 PKT" duration-ms="2448" status="PASS">
          <reporter-output>
          </reporter-output>
        </test-method> <!-- testGet -->
      </class> <!-- tests.JsonSchemaValidator -->
    </test> <!-- Default test -->
  </suite> <!-- Default suite -->
</testng-results>
